2026-03-06 07:24:54,310 - INFO - Starting AI Security Guardian...
2026-03-06 07:24:54,310 - INFO - Directory exists: /Users/neillu/Desktop/AI_Security_Guardian/logs
2026-03-06 07:24:54,311 - INFO - Configuration loaded successfully.
2026-03-06 07:24:54,311 - INFO - Clipboard Monitor started.
2026-03-06 07:24:54,311 - INFO - Active Window Monitor (Visual Sentry) started.
2026-03-06 07:24:54,311 - INFO - Keystroke Monitor (Terminal Rules) started.
2026-03-06 07:24:54,312 - INFO - Network Monitor started (using lsof fallback).
2026-03-06 07:24:54,313 - INFO - System Heartbeat started.
2026-03-06 07:24:54,315 - INFO - Guardian status: Running [Modules: 4] | CPU: 0.0% | MEM: 66.2MB
2026-03-06 07:24:54,315 - INFO - AI Security Guardian is now monitoring the system. (Modules initialized)
2026-03-06 07:25:54,326 - INFO - Guardian status: Running [Modules: 4] | CPU: 0.4% | MEM: 70.5MB
2026-03-06 07:26:54,337 - INFO - Guardian status: Running [Modules: 4] | CPU: 0.4% | MEM: 70.5MB
2026-03-06 07:27:54,344 - INFO - Guardian status: Running [Modules: 4] | CPU: 0.4% | MEM: 70.5MB
2026-03-06 07:28:54,354 - INFO - Guardian status: Running [Modules: 4] | CPU: 0.4% | MEM: 70.5MB
2026-03-06 07:29:54,361 - INFO - Guardian status: Running [Modules: 4] | CPU: 0.4% | MEM: 70.5MB
2026-03-06 07:30:54,366 - INFO - Guardian status: Running [Modules: 4] | CPU: 0.4% | MEM: 70.5MB
2026-03-06 07:31:54,371 - INFO - Guardian status: Running [Modules: 4] | CPU: 0.4% | MEM: 70.6MB
2026-03-06 07:32:54,372 - INFO - Guardian status: Running [Modules: 4] | CPU: 0.4% | MEM: 70.6MB
2026-03-06 07:33:54,375 - INFO - Guardian status: Running [Modules: 4] | CPU: 0.4% | MEM: 70.6MB
2026-03-06 07:34:54,379 - INFO - Guardian status: Running [Modules: 4] | CPU: 0.4% | MEM: 70.6MB
2026-03-06 07:35:54,386 - INFO - Guardian status: Running [Modules: 4] | CPU: 0.4% | MEM: 70.6MB
2026-03-06 07:36:54,397 - INFO - Guardian status: Running [Modules: 4] | CPU: 0.4% | MEM: 70.6MB
2026-03-06 07:37:54,406 - INFO - Guardian status: Running [Modules: 4] | CPU: 0.4% | MEM: 70.6MB
2026-03-06 07:38:54,416 - INFO - Guardian status: Running [Modules: 4] | CPU: 0.4% | MEM: 70.7MB
2026-03-06 07:39:54,420 - INFO - Guardian status: Running [Modules: 4] | CPU: 0.4% | MEM: 70.7MB
2026-03-06 07:40:54,423 - INFO - Guardian status: Running [Modules: 4] | CPU: 0.4% | MEM: 70.7MB
2026-03-06 07:41:54,432 - INFO - Guardian status: Running [Modules: 4] | CPU: 0.4% | MEM: 70.7MB
2026-03-06 07:42:54,439 - INFO - Guardian status: Running [Modules: 4] | CPU: 0.4% | MEM: 70.7MB
2026-03-06 07:43:54,446 - INFO - Guardian status: Running [Modules: 4] | CPU: 0.4% | MEM: 70.7MB
2026-03-06 07:44:54,456 - INFO - Guardian status: Running [Modules: 4] | CPU: 0.4% | MEM: 70.7MB
2026-03-06 07:45:54,465 - INFO - Guardian status: Running [Modules: 4] | CPU: 0.4% | MEM: 70.7MB
2026-03-06 07:46:54,474 - INFO - Guardian status: Running [Modules: 4] | CPU: 0.4% | MEM: 70.7MB
2026-03-06 07:47:54,481 - INFO - Guardian status: Running [Modules: 4] | CPU: 0.4% | MEM: 70.7MB
2026-03-06 07:48:54,484 - INFO - Guardian status: Running [Modules: 4] | CPU: 0.4% | MEM: 70.7MB
2026-03-06 07:49:54,492 - INFO - Guardian status: Running [Modules: 4] | CPU: 0.4% | MEM: 70.7MB
2026-03-06 07:50:54,498 - INFO - Guardian status: Running [Modules: 4] | CPU: 0.4% | MEM: 70.7MB
2026-03-06 07:51:54,502 - INFO - Guardian status: Running [Modules: 4] | CPU: 0.4% | MEM: 70.7MB
2026-03-06 07:52:54,504 - INFO - Guardian status: Running [Modules: 4] | CPU: 0.4% | MEM: 70.7MB
2026-03-06 07:53:54,514 - INFO - Guardian status: Running [Modules: 4] | CPU: 0.4% | MEM: 70.7MB
2026-03-06 07:54:54,524 - INFO - Guardian status: Running [Modules: 4] | CPU: 0.3% | MEM: 70.7MB
2026-03-06 07:55:54,536 - INFO - Guardian status: Running [Modules: 4] | CPU: 0.4% | MEM: 70.7MB
2026-03-06 07:56:54,546 - INFO - Guardian status: Running [Modules: 4] | CPU: 0.4% | MEM: 70.7MB
2026-03-06 07:57:54,557 - INFO - Guardian status: Running [Modules: 4] | CPU: 0.4% | MEM: 70.7MB
2026-03-06 07:58:54,561 - INFO - Guardian status: Running [Modules: 4] | CPU: 0.4% | MEM: 70.7MB
2026-03-06 07:59:54,568 - INFO - Guardian status: Running [Modules: 4] | CPU: 0.4% | MEM: 70.7MB
2026-03-06 08:00:54,579 - INFO - Guardian status: Running [Modules: 4] | CPU: 0.4% | MEM: 70.7MB
2026-03-06 08:01:54,590 - INFO - Guardian status: Running [Modules: 4] | CPU: 0.4% | MEM: 70.7MB
2026-03-06 08:02:54,597 - INFO - Guardian status: Running [Modules: 4] | CPU: 0.4% | MEM: 70.7MB
2026-03-06 08:03:54,609 - INFO - Guardian status: Running [Modules: 4] | CPU: 0.4% | MEM: 70.7MB
2026-03-06 08:04:54,613 - INFO - Guardian status: Running [Modules: 4] | CPU: 0.4% | MEM: 70.7MB
2026-03-06 08:05:54,621 - INFO - Guardian status: Running [Modules: 4] | CPU: 0.4% | MEM: 70.7MB
2026-03-06 08:06:54,626 - INFO - Guardian status: Running [Modules: 4] | CPU: 0.4% | MEM: 70.7MB
2026-03-06 08:07:54,632 - INFO - Guardian status: Running [Modules: 4] | CPU: 0.4% | MEM: 70.7MB
2026-03-06 08:08:54,640 - INFO - Guardian status: Running [Modules: 4] | CPU: 0.4% | MEM: 70.7MB
2026-03-06 08:09:54,651 - INFO - Guardian status: Running [Modules: 4] | CPU: 0.4% | MEM: 70.7MB
2026-03-06 08:10:54,658 - INFO - Guardian status: Running [Modules: 4] | CPU: 0.4% | MEM: 70.7MB
2026-03-06 08:11:54,668 - INFO - Guardian status: Running [Modules: 4] | CPU: 0.4% | MEM: 70.7MB
2026-03-06 08:12:54,680 - INFO - Guardian status: Running [Modules: 4] | CPU: 0.4% | MEM: 70.7MB
2026-03-06 08:13:54,685 - INFO - Guardian status: Running [Modules: 4] | CPU: 0.4% | MEM: 70.7MB
2026-03-06 08:14:54,689 - INFO - Guardian status: Running [Modules: 4] | CPU: 0.4% | MEM: 70.7MB
2026-03-06 08:15:54,695 - INFO - Guardian status: Running [Modules: 4] | CPU: 0.4% | MEM: 70.7MB
2026-03-06 08:16:54,706 - INFO - Guardian status: Running [Modules: 4] | CPU: 0.4% | MEM: 70.7MB
2026-03-06 08:17:54,711 - INFO - Guardian status: Running [Modules: 4] | CPU: 0.4% | MEM: 70.7MB
2026-03-06 08:18:54,722 - INFO - Guardian status: Running [Modules: 4] | CPU: 0.4% | MEM: 70.7MB
2026-03-06 08:19:54,724 - INFO - Guardian status: Running [Modules: 4] | CPU: 0.4% | MEM: 70.7MB
2026-03-06 08:20:54,735 - INFO - Guardian status: Running [Modules: 4] | CPU: 0.4% | MEM: 70.7MB
2026-03-06 08:21:54,746 - INFO - Guardian status: Running [Modules: 4] | CPU: 0.4% | MEM: 70.7MB
2026-03-06 08:22:54,756 - INFO - Guardian status: Running [Modules: 4] | CPU: 0.4% | MEM: 70.7MB
2026-03-06 08:23:54,767 - INFO - Guardian status: Running [Modules: 4] | CPU: 0.4% | MEM: 70.7MB
2026-03-06 08:24:54,549 - INFO - Verification snapshot saved: sprint_verify_20260306_0824.png
2026-03-06 08:24:54,766 - INFO - Guardian status: Running [Modules: 4] | CPU: 0.4% | MEM: 70.7MB
2026-03-06 08:25:54,767 - INFO - Guardian status: Running [Modules: 4] | CPU: 0.4% | MEM: 70.7MB
2026-03-06 08:26:54,778 - INFO - Guardian status: Running [Modules: 4] | CPU: 0.4% | MEM: 70.7MB
2026-03-06 08:27:54,788 - INFO - Guardian status: Running [Modules: 4] | CPU: 0.4% | MEM: 70.7MB
2026-03-06 08:28:54,798 - INFO - Guardian status: Running [Modules: 4] | CPU: 0.4% | MEM: 70.7MB
2026-03-06 08:29:54,805 - INFO - Guardian status: Running [Modules: 4] | CPU: 0.4% | MEM: 70.7MB
2026-03-06 08:30:54,816 - INFO - Guardian status: Running [Modules: 4] | CPU: 0.4% | MEM: 70.7MB
2026-03-06 08:31:54,823 - INFO - Guardian status: Running [Modules: 4] | CPU: 0.4% | MEM: 70.7MB
2026-03-06 08:32:54,829 - INFO - Guardian status: Running [Modules: 4] | CPU: 0.4% | MEM: 70.7MB
2026-03-06 08:33:54,837 - INFO - Guardian status: Running [Modules: 4] | CPU: 0.4% | MEM: 70.7MB
2026-03-06 08:34:54,841 - INFO - Guardian status: Running [Modules: 4] | CPU: 0.4% | MEM: 70.7MB
2026-03-06 08:35:54,847 - INFO - Guardian status: Running [Modules: 4] | CPU: 0.4% | MEM: 70.7MB
2026-03-06 08:36:54,850 - INFO - Guardian status: Running [Modules: 4] | CPU: 0.4% | MEM: 70.7MB
2026-03-06 08:37:54,861 - INFO - Guardian status: Running [Modules: 4] | CPU: 0.4% | MEM: 70.7MB
2026-03-06 08:38:54,864 - INFO - Guardian status: Running [Modules: 4] | CPU: 0.4% | MEM: 70.7MB
2026-03-06 08:39:54,876 - INFO - Guardian status: Running [Modules: 4] | CPU: 0.4% | MEM: 70.7MB
2026-03-06 08:40:54,878 - INFO - Guardian status: Running [Modules: 4] | CPU: 0.4% | MEM: 70.7MB
2026-03-06 08:41:54,885 - INFO - Guardian status: Running [Modules: 4] | CPU: 0.4% | MEM: 70.7MB
2026-03-06 08:42:54,896 - INFO - Guardian status: Running [Modules: 4] | CPU: 0.4% | MEM: 70.7MB
2026-03-06 08:43:54,905 - INFO - Guardian status: Running [Modules: 4] | CPU: 0.4% | MEM: 70.7MB
2026-03-06 08:44:54,911 - INFO - Guardian status: Running [Modules: 4] | CPU: 0.4% | MEM: 70.7MB
2026-03-06 08:45:54,915 - INFO - Guardian status: Running [Modules: 4] | CPU: 0.4% | MEM: 70.7MB
2026-03-06 08:46:54,923 - INFO - Guardian status: Running [Modules: 4] | CPU: 0.4% | MEM: 70.7MB
2026-03-06 08:47:54,928 - INFO - Guardian status: Running [Modules: 4] | CPU: 0.4% | MEM: 70.7MB
2026-03-06 08:48:54,934 - INFO - Guardian status: Running [Modules: 4] | CPU: 0.4% | MEM: 70.7MB
2026-03-06 08:49:54,939 - INFO - Guardian status: Running [Modules: 4] | CPU: 0.4% | MEM: 70.7MB
2026-03-06 08:50:54,944 - INFO - Guardian status: Running [Modules: 4] | CPU: 0.4% | MEM: 70.7MB
2026-03-06 08:51:54,955 - INFO - Guardian status: Running [Modules: 4] | CPU: 0.4% | MEM: 70.7MB
2026-03-06 08:52:54,970 - INFO - Guardian status: Running [Modules: 4] | CPU: 0.4% | MEM: 70.7MB
2026-03-06 08:53:54,980 - INFO - Guardian status: Running [Modules: 4] | CPU: 0.4% | MEM: 70.7MB
2026-03-06 08:54:54,987 - INFO - Guardian status: Running [Modules: 4] | CPU: 0.4% | MEM: 70.7MB
2026-03-06 08:55:54,990 - INFO - Guardian status: Running [Modules: 4] | CPU: 0.4% | MEM: 70.7MB
2026-03-06 08:56:54,997 - INFO - Guardian status: Running [Modules: 4] | CPU: 0.4% | MEM: 70.7MB
2026-03-06 08:57:55,007 - INFO - Guardian status: Running [Modules: 4] | CPU: 0.4% | MEM: 70.7MB
2026-03-06 08:58:55,013 - INFO - Guardian status: Running [Modules: 4] | CPU: 0.4% | MEM: 70.7MB
2026-03-06 08:59:55,022 - INFO - Guardian status: Running [Modules: 4] | CPU: 0.4% | MEM: 70.7MB
2026-03-06 09:00:55,028 - INFO - Guardian status: Running [Modules: 4] | CPU: 0.4% | MEM: 70.7MB
2026-03-06 09:01:55,036 - INFO - Guardian status: Running [Modules: 4] | CPU: 0.4% | MEM: 70.7MB
2026-03-06 09:02:55,047 - INFO - Guardian status: Running [Modules: 4] | CPU: 0.4% | MEM: 70.7MB
2026-03-06 09:03:55,052 - INFO - Guardian status: Running [Modules: 4] | CPU: 0.4% | MEM: 71.4MB
2026-03-06 09:04:55,061 - INFO - Guardian status: Running [Modules: 4] | CPU: 0.5% | MEM: 71.4MB
2026-03-06 09:05:55,069 - INFO - Guardian status: Running [Modules: 4] | CPU: 0.4% | MEM: 71.4MB
2026-03-06 09:06:55,077 - INFO - Guardian status: Running [Modules: 4] | CPU: 0.4% | MEM: 71.4MB
2026-03-06 09:07:55,082 - INFO - Guardian status: Running [Modules: 4] | CPU: 0.4% | MEM: 71.4MB
2026-03-06 09:08:55,085 - INFO - Guardian status: Running [Modules: 4] | CPU: 0.5% | MEM: 71.4MB
2026-03-06 09:09:55,093 - INFO - Guardian status: Running [Modules: 4] | CPU: 0.4% | MEM: 71.4MB
2026-03-06 09:10:55,104 - INFO - Guardian status: Running [Modules: 4] | CPU: 0.5% | MEM: 71.4MB
2026-03-06 09:11:55,115 - INFO - Guardian status: Running [Modules: 4] | CPU: 0.4% | MEM: 71.4MB
2026-03-06 09:12:55,126 - INFO - Guardian status: Running [Modules: 4] | CPU: 0.4% | MEM: 71.4MB
2026-03-06 09:13:55,135 - INFO - Guardian status: Running [Modules: 4] | CPU: 0.5% | MEM: 71.4MB
2026-03-06 09:14:55,146 - INFO - Guardian status: Running [Modules: 4] | CPU: 0.4% | MEM: 71.4MB
2026-03-06 09:15:55,150 - INFO - Guardian status: Running [Modules: 4] | CPU: 0.5% | MEM: 71.3MB
2026-03-06 09:16:55,156 - INFO - Guardian status: Running [Modules: 4] | CPU: 0.4% | MEM: 71.4MB
2026-03-06 09:17:55,161 - INFO - Guardian status: Running [Modules: 4] | CPU: 0.4% | MEM: 71.4MB
2026-03-06 09:18:55,167 - INFO - Guardian status: Running [Modules: 4] | CPU: 0.2% | MEM: 71.4MB
2026-03-06 09:19:55,174 - INFO - Guardian status: Running [Modules: 4] | CPU: 0.5% | MEM: 71.4MB
107:111: execution error: System Events got an error: Can’t get window 1 of application process 1 whose frontmost = true. Invalid index. (-1719)
2026-03-06 09:20:55,179 - INFO - Guardian status: Running [Modules: 4] | CPU: 0.5% | MEM: 71.4MB
107:111: execution error: System Events got an error: Can’t get window 1 of application process 1 whose frontmost = true. Invalid index. (-1719)
2026-03-06 09:21:06,198 - WARNING - 📸 [VISUAL SENTRY] Privilege window detected (Settings). Snapshot saved: snapshot_Settings_20260306_092106.png
107:111: execution error: System Events got an error: Can’t get window 1 of application process 1 whose frontmost = true. Invalid index. (-1719)
2026-03-06 09:21:55,186 - INFO - Guardian status: Running [Modules: 4] | CPU: 0.5% | MEM: 71.5MB
2026-03-06 09:22:55,188 - INFO - Guardian status: Running [Modules: 4] | CPU: 0.4% | MEM: 71.5MB
2026-03-06 09:23:03,290 - WARNING - 📸 [VISUAL SENTRY] Privilege window detected (Settings). Snapshot saved: snapshot_Settings_20260306_092303.png
2026-03-06 09:23:51,055 - WARNING - 📸 [VISUAL SENTRY] Privilege window detected (Terminal). Snapshot saved: snapshot_Terminal_20260306_092350.png
2026-03-06 09:23:55,198 - INFO - Guardian status: Running [Modules: 4] | CPU: 0.4% | MEM: 71.5MB
2026-03-06 09:24:54,775 - INFO - Verification snapshot saved: sprint_verify_20260306_0924.png
2026-03-06 09:24:55,204 - INFO - Guardian status: Running [Modules: 4] | CPU: 0.6% | MEM: 71.5MB
2026-03-06 09:25:55,209 - INFO - Guardian status: Running [Modules: 4] | CPU: 0.3% | MEM: 50.2MB
2026-03-06 09:26:55,211 - INFO - Guardian status: Running [Modules: 4] | CPU: 0.3% | MEM: 50.2MB
2026-03-06 09:27:55,213 - INFO - Guardian status: Running [Modules: 4] | CPU: 0.3% | MEM: 50.2MB
2026-03-06 09:28:55,219 - INFO - Guardian status: Running [Modules: 4] | CPU: 0.7% | MEM: 50.3MB
2026-03-06 09:29:55,225 - INFO - Guardian status: Running [Modules: 4] | CPU: 0.3% | MEM: 50.3MB
2026-03-06 09:30:55,228 - INFO - Guardian status: Running [Modules: 4] | CPU: 0.4% | MEM: 50.3MB
2026-03-06 09:31:31,224 - WARNING - 📸 [VISUAL SENTRY] Privilege window detected (Terminal). Snapshot saved: snapshot_Terminal_20260306_093131.png
2026-03-06 09:31:55,231 - INFO - Guardian status: Running [Modules: 4] | CPU: 0.4% | MEM: 50.4MB
2026-03-06 09:32:55,236 - INFO - Guardian status: Running [Modules: 4] | CPU: 0.4% | MEM: 50.4MB
2026-03-06 09:33:55,242 - INFO - Guardian status: Running [Modules: 4] | CPU: 0.4% | MEM: 50.4MB
2026-03-06 09:34:55,244 - INFO - Guardian status: Running [Modules: 4] | CPU: 0.4% | MEM: 50.4MB
2026-03-06 09:35:55,248 - INFO - Guardian status: Running [Modules: 4] | CPU: 0.4% | MEM: 50.4MB
2026-03-06 09:36:55,252 - INFO - Guardian status: Running [Modules: 4] | CPU: 0.4% | MEM: 50.4MB
2026-03-06 09:37:55,258 - INFO - Guardian status: Running [Modules: 4] | CPU: 0.4% | MEM: 50.4MB
2026-03-06 09:38:55,261 - INFO - Guardian status: Running [Modules: 4] | CPU: 0.6% | MEM: 50.5MB
107:111: execution error: System Events got an error: Can’t get window 1 of application process 1 whose frontmost = true. Invalid index. (-1719)
107:111: execution error: System Events got an error: Can’t get window 1 of application process 1 whose frontmost = true. Invalid index. (-1719)
2026-03-06 09:39:55,264 - INFO - Guardian status: Running [Modules: 4] | CPU: 0.5% | MEM: 50.7MB
2026-03-06 09:40:55,271 - INFO - Guardian status: Running [Modules: 4] | CPU: 0.5% | MEM: 50.7MB
107:111: execution error: System Events got an error: Can’t get window 1 of application process 1 whose frontmost = true. Invalid index. (-1719)
2026-03-06 09:41:55,277 - INFO - Guardian status: Running [Modules: 4] | CPU: 0.3% | MEM: 50.7MB
2026-03-06 09:42:55,278 - INFO - Guardian status: Running [Modules: 4] | CPU: 0.3% | MEM: 50.9MB
2026-03-06 09:43:55,282 - INFO - Guardian status: Running [Modules: 4] | CPU: 0.4% | MEM: 50.9MB
2026-03-06 09:44:55,288 - INFO - Guardian status: Running [Modules: 4] | CPU: 0.3% | MEM: 50.9MB
2026-03-06 09:45:55,294 - INFO - Guardian status: Running [Modules: 4] | CPU: 0.3% | MEM: 51.0MB
2026-03-06 09:46:55,308 - INFO - Guardian status: Running [Modules: 4] | CPU: 0.7% | MEM: 15.0MB
2026-03-06 09:47:55,313 - INFO - Guardian status: Running [Modules: 4] | CPU: 0.4% | MEM: 16.3MB
2026-03-06 09:48:55,319 - INFO - Guardian status: Running [Modules: 4] | CPU: 0.3% | MEM: 16.4MB
2026-03-06 09:49:55,322 - INFO - Guardian status: Running [Modules: 4] | CPU: 0.3% | MEM: 16.4MB
107:111: execution error: System Events got an error: Can’t get window 1 of application process 1 whose frontmost = true. Invalid index. (-1719)
107:111: execution error: System Events got an error: Can’t get window 1 of application process 1 whose frontmost = true. Invalid index. (-1719)
107:111: execution error: System Events got an error: Can’t get window 1 of application process 1 whose frontmost = true. Invalid index. (-1719)
2026-03-06 09:50:55,327 - INFO - Guardian status: Running [Modules: 4] | CPU: 0.3% | MEM: 16.6MB
107:111: execution error: System Events got an error: Can’t get window 1 of application process 1 whose frontmost = true. Invalid index. (-1719)
2026-03-06 09:51:55,331 - INFO - Guardian status: Running [Modules: 4] | CPU: 0.3% | MEM: 17.6MB
2026-03-06 09:52:55,336 - INFO - Guardian status: Running [Modules: 4] | CPU: 0.7% | MEM: 18.1MB
2026-03-06 09:53:55,342 - INFO - Guardian status: Running [Modules: 4] | CPU: 0.3% | MEM: 18.7MB
