2026-03-05 02:53:15,135 - INFO - Starting AI Security Guardian...
2026-03-05 02:53:15,135 - INFO - Directory exists: /Users/neillu/Desktop/AI_Security_Guardian/logs
2026-03-05 02:53:15,136 - INFO - Configuration loaded successfully.
2026-03-05 02:53:15,136 - INFO - Clipboard Monitor started.
2026-03-05 02:53:15,136 - INFO - Active Window Monitor (Visual Sentry) started.
2026-03-05 02:53:15,136 - INFO - Keystroke Monitor (Terminal Rules) started.
2026-03-05 02:53:15,138 - INFO - Network Monitor started (using lsof fallback).
2026-03-05 02:53:15,140 - INFO - System Heartbeat started.
2026-03-05 02:53:15,140 - INFO - AI Security Guardian is now monitoring the system. (Modules initialized)
2026-03-05 02:53:15,140 - INFO - Guardian status: Running [Modules: 4] | CPU: 0.0% | MEM: 65.6MB
2026-03-05 02:54:15,152 - INFO - Guardian status: Running [Modules: 4] | CPU: 0.3% | MEM: 46.6MB
2026-03-05 02:55:15,163 - INFO - Guardian status: Running [Modules: 4] | CPU: 0.3% | MEM: 47.8MB
2026-03-05 02:56:15,173 - INFO - Guardian status: Running [Modules: 4] | CPU: 0.3% | MEM: 47.9MB
2026-03-05 02:57:15,179 - INFO - Guardian status: Running [Modules: 4] | CPU: 0.3% | MEM: 48.0MB
2026-03-05 02:58:15,186 - INFO - Guardian status: Running [Modules: 4] | CPU: 0.3% | MEM: 48.0MB
2026-03-05 02:59:15,197 - INFO - Guardian status: Running [Modules: 4] | CPU: 0.3% | MEM: 46.5MB
2026-03-05 03:00:15,200 - INFO - Guardian status: Running [Modules: 4] | CPU: 0.3% | MEM: 45.0MB
2026-03-05 03:01:15,207 - INFO - Guardian status: Running [Modules: 4] | CPU: 0.3% | MEM: 46.2MB
2026-03-05 03:02:15,213 - INFO - Guardian status: Running [Modules: 4] | CPU: 0.3% | MEM: 46.2MB
2026-03-05 03:03:15,215 - INFO - Guardian status: Running [Modules: 4] | CPU: 0.3% | MEM: 46.2MB
2026-03-05 03:04:15,217 - INFO - Guardian status: Running [Modules: 4] | CPU: 0.3% | MEM: 45.9MB
2026-03-05 03:05:15,228 - INFO - Guardian status: Running [Modules: 4] | CPU: 0.3% | MEM: 45.9MB
2026-03-05 03:06:15,237 - INFO - Guardian status: Running [Modules: 4] | CPU: 0.3% | MEM: 45.9MB
2026-03-05 03:07:15,247 - INFO - Guardian status: Running [Modules: 4] | CPU: 0.3% | MEM: 45.5MB
2026-03-05 03:08:15,260 - INFO - Guardian status: Running [Modules: 4] | CPU: 0.3% | MEM: 45.5MB
2026-03-05 03:09:15,270 - INFO - Guardian status: Running [Modules: 4] | CPU: 0.3% | MEM: 45.5MB
2026-03-05 03:10:15,275 - INFO - Guardian status: Running [Modules: 4] | CPU: 0.3% | MEM: 45.5MB
2026-03-05 03:11:15,281 - INFO - Guardian status: Running [Modules: 4] | CPU: 0.3% | MEM: 45.6MB
2026-03-05 03:12:15,287 - INFO - Guardian status: Running [Modules: 4] | CPU: 0.3% | MEM: 45.6MB
2026-03-05 03:13:15,290 - INFO - Guardian status: Running [Modules: 4] | CPU: 0.3% | MEM: 45.6MB
2026-03-05 03:14:15,299 - INFO - Guardian status: Running [Modules: 4] | CPU: 0.3% | MEM: 45.6MB
2026-03-05 03:15:15,308 - INFO - Guardian status: Running [Modules: 4] | CPU: 0.3% | MEM: 45.6MB
2026-03-05 03:16:15,311 - INFO - Guardian status: Running [Modules: 4] | CPU: 0.3% | MEM: 45.6MB
2026-03-05 03:17:15,322 - INFO - Guardian status: Running [Modules: 4] | CPU: 0.3% | MEM: 45.6MB
2026-03-05 03:18:15,332 - INFO - Guardian status: Running [Modules: 4] | CPU: 0.3% | MEM: 45.7MB
2026-03-05 03:19:15,343 - INFO - Guardian status: Running [Modules: 4] | CPU: 0.3% | MEM: 45.7MB
2026-03-05 03:20:15,351 - INFO - Guardian status: Running [Modules: 4] | CPU: 0.3% | MEM: 45.7MB
2026-03-05 03:21:15,359 - INFO - Guardian status: Running [Modules: 4] | CPU: 0.3% | MEM: 45.7MB
2026-03-05 03:22:15,370 - INFO - Guardian status: Running [Modules: 4] | CPU: 0.3% | MEM: 45.7MB
2026-03-05 03:23:15,379 - INFO - Guardian status: Running [Modules: 4] | CPU: 0.3% | MEM: 45.7MB
2026-03-05 03:24:15,390 - INFO - Guardian status: Running [Modules: 4] | CPU: 0.3% | MEM: 45.6MB
2026-03-05 03:25:15,397 - INFO - Guardian status: Running [Modules: 4] | CPU: 0.3% | MEM: 45.6MB
2026-03-05 03:26:15,401 - INFO - Guardian status: Running [Modules: 4] | CPU: 0.3% | MEM: 45.6MB
2026-03-05 03:27:15,409 - INFO - Guardian status: Running [Modules: 4] | CPU: 0.3% | MEM: 45.6MB
2026-03-05 03:28:15,419 - INFO - Guardian status: Running [Modules: 4] | CPU: 0.3% | MEM: 45.7MB
2026-03-05 03:29:15,430 - INFO - Guardian status: Running [Modules: 4] | CPU: 0.3% | MEM: 45.7MB
2026-03-05 03:30:15,434 - INFO - Guardian status: Running [Modules: 4] | CPU: 0.3% | MEM: 45.7MB
2026-03-05 03:31:15,444 - INFO - Guardian status: Running [Modules: 4] | CPU: 0.3% | MEM: 45.7MB
2026-03-05 03:32:15,451 - INFO - Guardian status: Running [Modules: 4] | CPU: 0.3% | MEM: 45.8MB
2026-03-05 03:33:15,462 - INFO - Guardian status: Running [Modules: 4] | CPU: 0.3% | MEM: 45.8MB
2026-03-05 03:34:15,473 - INFO - Guardian status: Running [Modules: 4] | CPU: 0.3% | MEM: 45.8MB
2026-03-05 03:35:15,483 - INFO - Guardian status: Running [Modules: 4] | CPU: 0.3% | MEM: 45.9MB
2026-03-05 03:36:15,490 - INFO - Guardian status: Running [Modules: 4] | CPU: 0.3% | MEM: 45.9MB
2026-03-05 03:37:15,497 - INFO - Guardian status: Running [Modules: 4] | CPU: 0.3% | MEM: 45.9MB
2026-03-05 03:38:15,500 - INFO - Guardian status: Running [Modules: 4] | CPU: 0.3% | MEM: 45.9MB
2026-03-05 03:39:15,507 - INFO - Guardian status: Running [Modules: 4] | CPU: 0.3% | MEM: 45.9MB
2026-03-05 03:40:15,517 - INFO - Guardian status: Running [Modules: 4] | CPU: 0.3% | MEM: 46.0MB
2026-03-05 03:41:15,528 - INFO - Guardian status: Running [Modules: 4] | CPU: 0.3% | MEM: 46.0MB
2026-03-05 03:42:15,531 - INFO - Guardian status: Running [Modules: 4] | CPU: 0.3% | MEM: 46.0MB
2026-03-05 03:43:15,542 - INFO - Guardian status: Running [Modules: 4] | CPU: 0.3% | MEM: 46.0MB
2026-03-05 03:44:15,553 - INFO - Guardian status: Running [Modules: 4] | CPU: 0.3% | MEM: 46.1MB
2026-03-05 03:45:15,563 - INFO - Guardian status: Running [Modules: 4] | CPU: 0.3% | MEM: 46.1MB
2026-03-05 03:46:15,574 - INFO - Guardian status: Running [Modules: 4] | CPU: 0.3% | MEM: 46.1MB
2026-03-05 03:47:15,582 - INFO - Guardian status: Running [Modules: 4] | CPU: 0.3% | MEM: 46.1MB
2026-03-05 03:48:15,593 - INFO - Guardian status: Running [Modules: 4] | CPU: 0.3% | MEM: 46.1MB
2026-03-05 03:49:15,604 - INFO - Guardian status: Running [Modules: 4] | CPU: 0.3% | MEM: 46.1MB
2026-03-05 03:50:15,613 - INFO - Guardian status: Running [Modules: 4] | CPU: 0.3% | MEM: 46.1MB
2026-03-05 03:51:15,623 - INFO - Guardian status: Running [Modules: 4] | CPU: 0.3% | MEM: 46.1MB
2026-03-05 03:52:15,635 - INFO - Guardian status: Running [Modules: 4] | CPU: 0.3% | MEM: 46.2MB
2026-03-05 03:53:15,642 - INFO - Guardian status: Running [Modules: 4] | CPU: 0.3% | MEM: 45.9MB
2026-03-05 03:54:15,652 - INFO - Guardian status: Running [Modules: 4] | CPU: 0.3% | MEM: 45.8MB
2026-03-05 03:55:15,658 - INFO - Guardian status: Running [Modules: 4] | CPU: 0.3% | MEM: 45.8MB
2026-03-05 03:56:15,665 - INFO - Guardian status: Running [Modules: 4] | CPU: 0.3% | MEM: 45.8MB
2026-03-05 03:57:15,675 - INFO - Guardian status: Running [Modules: 4] | CPU: 0.3% | MEM: 45.8MB
2026-03-05 03:58:15,684 - INFO - Guardian status: Running [Modules: 4] | CPU: 0.3% | MEM: 45.9MB
2026-03-05 03:59:15,694 - INFO - Guardian status: Running [Modules: 4] | CPU: 0.3% | MEM: 45.9MB
2026-03-05 04:00:15,700 - INFO - Guardian status: Running [Modules: 4] | CPU: 0.3% | MEM: 45.9MB
2026-03-05 04:01:15,711 - INFO - Guardian status: Running [Modules: 4] | CPU: 0.3% | MEM: 45.9MB
2026-03-05 04:02:15,715 - INFO - Guardian status: Running [Modules: 4] | CPU: 0.3% | MEM: 46.0MB
2026-03-05 04:03:15,725 - INFO - Guardian status: Running [Modules: 4] | CPU: 0.3% | MEM: 46.0MB
2026-03-05 04:04:15,732 - INFO - Guardian status: Running [Modules: 4] | CPU: 0.3% | MEM: 46.0MB
2026-03-05 04:05:15,742 - INFO - Guardian status: Running [Modules: 4] | CPU: 0.3% | MEM: 46.0MB
2026-03-05 04:06:15,746 - INFO - Guardian status: Running [Modules: 4] | CPU: 0.3% | MEM: 46.0MB
2026-03-05 04:07:15,755 - INFO - Guardian status: Running [Modules: 4] | CPU: 0.3% | MEM: 46.0MB
2026-03-05 04:08:15,762 - INFO - Guardian status: Running [Modules: 4] | CPU: 0.3% | MEM: 46.0MB
2026-03-05 04:09:15,763 - INFO - Guardian status: Running [Modules: 4] | CPU: 0.3% | MEM: 46.0MB
2026-03-05 04:10:15,770 - INFO - Guardian status: Running [Modules: 4] | CPU: 0.3% | MEM: 46.0MB
2026-03-05 04:11:15,772 - INFO - Guardian status: Running [Modules: 4] | CPU: 0.3% | MEM: 46.0MB
2026-03-05 04:12:15,783 - INFO - Guardian status: Running [Modules: 4] | CPU: 0.3% | MEM: 46.0MB
2026-03-05 04:13:15,790 - INFO - Guardian status: Running [Modules: 4] | CPU: 0.3% | MEM: 46.0MB
2026-03-05 04:14:15,792 - INFO - Guardian status: Running [Modules: 4] | CPU: 0.3% | MEM: 46.0MB
2026-03-05 04:15:15,800 - INFO - Guardian status: Running [Modules: 4] | CPU: 0.3% | MEM: 46.0MB
2026-03-05 04:16:15,809 - INFO - Guardian status: Running [Modules: 4] | CPU: 0.3% | MEM: 46.0MB
2026-03-05 04:17:15,819 - INFO - Guardian status: Running [Modules: 4] | CPU: 0.3% | MEM: 45.8MB
2026-03-05 04:18:15,824 - INFO - Guardian status: Running [Modules: 4] | CPU: 0.3% | MEM: 45.9MB
2026-03-05 04:19:15,833 - INFO - Guardian status: Running [Modules: 4] | CPU: 0.3% | MEM: 45.9MB
2026-03-05 04:20:15,843 - INFO - Guardian status: Running [Modules: 4] | CPU: 0.3% | MEM: 45.9MB
2026-03-05 04:21:15,855 - INFO - Guardian status: Running [Modules: 4] | CPU: 0.3% | MEM: 45.9MB
2026-03-05 04:22:15,856 - INFO - Guardian status: Running [Modules: 4] | CPU: 0.3% | MEM: 45.9MB
2026-03-05 04:23:15,864 - INFO - Guardian status: Running [Modules: 4] | CPU: 0.3% | MEM: 45.6MB
2026-03-05 04:24:15,872 - INFO - Guardian status: Running [Modules: 4] | CPU: 0.3% | MEM: 45.5MB
2026-03-05 04:25:15,884 - INFO - Guardian status: Running [Modules: 4] | CPU: 0.3% | MEM: 45.4MB
2026-03-05 04:26:15,895 - INFO - Guardian status: Running [Modules: 4] | CPU: 0.3% | MEM: 45.4MB
2026-03-05 04:27:15,906 - INFO - Guardian status: Running [Modules: 4] | CPU: 0.3% | MEM: 45.4MB
2026-03-05 04:28:15,911 - INFO - Guardian status: Running [Modules: 4] | CPU: 0.3% | MEM: 45.4MB
2026-03-05 04:29:15,920 - INFO - Guardian status: Running [Modules: 4] | CPU: 0.3% | MEM: 45.4MB
2026-03-05 04:30:15,923 - INFO - Guardian status: Running [Modules: 4] | CPU: 0.3% | MEM: 45.4MB
2026-03-05 04:31:15,932 - INFO - Guardian status: Running [Modules: 4] | CPU: 0.3% | MEM: 45.5MB
2026-03-05 04:32:15,942 - INFO - Guardian status: Running [Modules: 4] | CPU: 0.3% | MEM: 45.5MB
2026-03-05 04:33:15,951 - INFO - Guardian status: Running [Modules: 4] | CPU: 0.3% | MEM: 45.5MB
2026-03-05 04:34:15,959 - INFO - Guardian status: Running [Modules: 4] | CPU: 0.3% | MEM: 45.5MB
2026-03-05 04:35:15,970 - INFO - Guardian status: Running [Modules: 4] | CPU: 0.3% | MEM: 45.5MB
2026-03-05 04:36:15,981 - INFO - Guardian status: Running [Modules: 4] | CPU: 0.3% | MEM: 45.5MB
2026-03-05 04:37:15,991 - INFO - Guardian status: Running [Modules: 4] | CPU: 0.3% | MEM: 45.5MB
2026-03-05 04:38:16,002 - INFO - Guardian status: Running [Modules: 4] | CPU: 0.3% | MEM: 45.6MB
2026-03-05 04:39:16,009 - INFO - Guardian status: Running [Modules: 4] | CPU: 0.3% | MEM: 45.7MB
2026-03-05 04:40:16,011 - INFO - Guardian status: Running [Modules: 4] | CPU: 0.3% | MEM: 45.7MB
2026-03-05 04:41:16,020 - INFO - Guardian status: Running [Modules: 4] | CPU: 0.3% | MEM: 45.6MB
2026-03-05 04:42:16,032 - INFO - Guardian status: Running [Modules: 4] | CPU: 0.3% | MEM: 45.6MB
2026-03-05 04:43:16,036 - INFO - Guardian status: Running [Modules: 4] | CPU: 0.3% | MEM: 45.6MB
2026-03-05 04:44:16,040 - INFO - Guardian status: Running [Modules: 4] | CPU: 0.3% | MEM: 45.6MB
2026-03-05 04:45:16,044 - INFO - Guardian status: Running [Modules: 4] | CPU: 0.3% | MEM: 45.6MB
2026-03-05 04:46:16,050 - INFO - Guardian status: Running [Modules: 4] | CPU: 0.3% | MEM: 45.6MB
2026-03-05 04:47:16,062 - INFO - Guardian status: Running [Modules: 4] | CPU: 0.3% | MEM: 45.6MB
2026-03-05 04:48:16,064 - INFO - Guardian status: Running [Modules: 4] | CPU: 0.3% | MEM: 45.6MB
2026-03-05 04:49:16,068 - INFO - Guardian status: Running [Modules: 4] | CPU: 0.3% | MEM: 45.6MB
2026-03-05 04:50:16,077 - INFO - Guardian status: Running [Modules: 4] | CPU: 0.3% | MEM: 45.6MB
2026-03-05 04:51:16,087 - INFO - Guardian status: Running [Modules: 4] | CPU: 0.3% | MEM: 45.6MB
2026-03-05 04:52:16,093 - INFO - Guardian status: Running [Modules: 4] | CPU: 0.3% | MEM: 45.6MB
2026-03-05 04:53:16,103 - INFO - Guardian status: Running [Modules: 4] | CPU: 0.3% | MEM: 45.5MB
